<?xml version="1.0" encoding="UTF-8"?>
<robot generator="Robot 4.0.1 (Python 3.9.4 on win32)" generated="20210510 12:39:36.220" rpa="false" schemaversion="2">
<suite id="s1" name="Test" source="C:\Users\Бабенко\rf-facebook-testing\test.robot">
<test id="s1-t1" name="Sign Up With New Email Address">
<kw name="Create Email Address" library="resource">
<var>${inbox}</var>
<kw name="Create Inbox" library="MailSlurp">
<var>${inbox}</var>
<msg timestamp="20210510 12:39:39.444" level="INFO">${inbox} = {'created_at': datetime.datetime(2021, 5, 10, 9, 39, 37, 925000, tzinfo=tzutc()),
 'description': None,
 'email_address': '2ccbe8fa-9e68-4410-8152-2553ba3f04da@mailslurp.com',
 'expires_at': '2021-05-...</msg>
<status status="PASS" starttime="20210510 12:39:36.477" endtime="20210510 12:39:39.444"/>
</kw>
<msg timestamp="20210510 12:39:39.444" level="INFO">${inbox} = {'created_at': datetime.datetime(2021, 5, 10, 9, 39, 37, 925000, tzinfo=tzutc()),
 'description': None,
 'email_address': '2ccbe8fa-9e68-4410-8152-2553ba3f04da@mailslurp.com',
 'expires_at': '2021-05-...</msg>
<status status="PASS" starttime="20210510 12:39:36.477" endtime="20210510 12:39:39.444"/>
</kw>
<kw name="Open Browser To Home Page" library="resource">
<kw name="Evaluate" library="BuiltIn">
<var>${options}</var>
<arg>sys.modules['selenium.webdriver.chrome.options'].Options()</arg>
<arg>sys</arg>
<doc>Evaluates the given expression in Python and returns the result.</doc>
<msg timestamp="20210510 12:39:39.446" level="INFO">${options} = &lt;selenium.webdriver.chrome.options.Options object at 0x00000248F6150FD0&gt;</msg>
<status status="PASS" starttime="20210510 12:39:39.445" endtime="20210510 12:39:39.446"/>
</kw>
<kw name="Call Method" library="BuiltIn">
<arg>${options}</arg>
<arg>add_argument</arg>
<arg>--disable-notifications</arg>
<doc>Calls the named method of the given object with the provided arguments.</doc>
<status status="PASS" starttime="20210510 12:39:39.446" endtime="20210510 12:39:39.446"/>
</kw>
<kw name="Create Webdriver" library="SeleniumLibrary">
<var>${driver}</var>
<arg>Chrome</arg>
<arg>options=${options}</arg>
<doc>Creates an instance of Selenium WebDriver.</doc>
<msg timestamp="20210510 12:39:39.446" level="INFO">Creating an instance of the Chrome WebDriver.</msg>
<msg timestamp="20210510 12:39:40.583" level="INFO">${driver} = 1</msg>
<status status="PASS" starttime="20210510 12:39:39.446" endtime="20210510 12:39:40.583"/>
</kw>
<kw name="Maximize Browser Window" library="SeleniumLibrary">
<doc>Maximizes current browser window.</doc>
<status status="PASS" starttime="20210510 12:39:40.583" endtime="20210510 12:39:40.716"/>
</kw>
<kw name="Set Selenium Speed" library="SeleniumLibrary">
<arg>${DELAY}</arg>
<doc>Sets the delay that is waited after each Selenium command.</doc>
<status status="PASS" starttime="20210510 12:39:40.716" endtime="20210510 12:39:40.717"/>
</kw>
<kw name="Go To" library="SeleniumLibrary">
<arg>${PLAYGROUND URL}</arg>
<doc>Navigates the current browser window to the provided ``url``.</doc>
<msg timestamp="20210510 12:39:40.717" level="INFO">Opening url 'https://www.facebook.com//'</msg>
<status status="PASS" starttime="20210510 12:39:40.717" endtime="20210510 12:39:43.106"/>
</kw>
<kw name="Home Page Should Be Open" library="resource">
<kw name="Title Should Be" library="SeleniumLibrary">
<arg>Facebook — увійдіть або зареєструйтеся</arg>
<doc>Verifies that the current page title equals ``title``.</doc>
<msg timestamp="20210510 12:39:43.110" level="INFO">Page title is 'Facebook — увійдіть або зареєструйтеся'.</msg>
<status status="PASS" starttime="20210510 12:39:43.106" endtime="20210510 12:39:43.110"/>
</kw>
<status status="PASS" starttime="20210510 12:39:43.106" endtime="20210510 12:39:43.110"/>
</kw>
<status status="PASS" starttime="20210510 12:39:39.445" endtime="20210510 12:39:43.110"/>
</kw>
<kw name="Go To SignUp Page" library="resource">
<kw name="Go To" library="SeleniumLibrary">
<arg>${PLAYGROUND URL}</arg>
<doc>Navigates the current browser window to the provided ``url``.</doc>
<msg timestamp="20210510 12:39:43.111" level="INFO">Opening url 'https://www.facebook.com//'</msg>
<status status="PASS" starttime="20210510 12:39:43.111" endtime="20210510 12:39:43.843"/>
</kw>
<kw name="Home Page Should Be Open" library="resource">
<kw name="Title Should Be" library="SeleniumLibrary">
<arg>Facebook — увійдіть або зареєструйтеся</arg>
<doc>Verifies that the current page title equals ``title``.</doc>
<msg timestamp="20210510 12:39:43.848" level="INFO">Page title is 'Facebook — увійдіть або зареєструйтеся'.</msg>
<status status="PASS" starttime="20210510 12:39:43.843" endtime="20210510 12:39:43.848"/>
</kw>
<status status="PASS" starttime="20210510 12:39:43.843" endtime="20210510 12:39:43.848"/>
</kw>
<kw name="Click Element" library="SeleniumLibrary">
<arg>//*[@data-testid="open-registration-form-button"]</arg>
<doc>Click the element identified by ``locator``.</doc>
<msg timestamp="20210510 12:39:43.849" level="INFO">Clicking element '//*[@data-testid="open-registration-form-button"]'.</msg>
<status status="PASS" starttime="20210510 12:39:43.849" endtime="20210510 12:39:43.896"/>
</kw>
<kw name="SignUp Page Should Be Open" library="resource">
<kw name="Wait Until Element Contains" library="SeleniumLibrary">
<arg>//*[@id="facebook"]/body/div[3]/div[2]/div/div/div[1]</arg>
<arg>Зареєструватися</arg>
<doc>Waits until the element ``locator`` contains ``text``.</doc>
<status status="PASS" starttime="20210510 12:39:43.897" endtime="20210510 12:39:44.588"/>
</kw>
<status status="PASS" starttime="20210510 12:39:43.896" endtime="20210510 12:39:44.588"/>
</kw>
<status status="PASS" starttime="20210510 12:39:43.110" endtime="20210510 12:39:44.588"/>
</kw>
<kw name="Input Robot Firstname" library="resource">
<kw name="Press Keys" library="SeleniumLibrary">
<arg>//*[@name="firstname"]</arg>
<arg>Maverick</arg>
<doc>Simulates the user pressing key(s) to an element or on the active browser.</doc>
<msg timestamp="20210510 12:39:44.590" level="INFO">Sending key(s) ('Maverick',) to //*[@name="firstname"] element.</msg>
<msg timestamp="20210510 12:39:44.901" level="INFO">Sending keys Maverick</msg>
<status status="PASS" starttime="20210510 12:39:44.589" endtime="20210510 12:39:44.932"/>
</kw>
<status status="PASS" starttime="20210510 12:39:44.589" endtime="20210510 12:39:44.932"/>
</kw>
<kw name="Input Robot Lastname" library="resource">
<kw name="Press Keys" library="SeleniumLibrary">
<arg>//*[@name="lastname"]</arg>
<arg>Bell</arg>
<doc>Simulates the user pressing key(s) to an element or on the active browser.</doc>
<msg timestamp="20210510 12:39:44.933" level="INFO">Sending key(s) ('Bell',) to //*[@name="lastname"] element.</msg>
<msg timestamp="20210510 12:39:45.235" level="INFO">Sending keys Bell</msg>
<status status="PASS" starttime="20210510 12:39:44.933" endtime="20210510 12:39:45.250"/>
</kw>
<status status="PASS" starttime="20210510 12:39:44.932" endtime="20210510 12:39:45.250"/>
</kw>
<kw name="Input The First Email" library="resource">
<arg>${inbox.email_address}</arg>
<kw name="Press Keys" library="SeleniumLibrary">
<arg>//*[@name="reg_email__"]</arg>
<arg>${username}</arg>
<doc>Simulates the user pressing key(s) to an element or on the active browser.</doc>
<msg timestamp="20210510 12:39:45.251" level="INFO">Sending key(s) ('2ccbe8fa-9e68-4410-8152-2553ba3f04da@mailslurp.com',) to //*[@name="reg_email__"] element.</msg>
<msg timestamp="20210510 12:39:45.547" level="INFO">Sending keys 2ccbe8fa-9e68-4410-8152-2553ba3f04da@mailslurp.com</msg>
<status status="PASS" starttime="20210510 12:39:45.251" endtime="20210510 12:39:45.689"/>
</kw>
<kw name="The Confirmation Email Should Be Present" library="resource">
<kw name="Wait Until Element Is Enabled" library="SeleniumLibrary">
<arg>//*[@name="reg_email_confirmation__"]</arg>
<arg>timeout=15s</arg>
<doc>Waits until the element ``locator`` is enabled.</doc>
<status status="PASS" starttime="20210510 12:39:45.690" endtime="20210510 12:39:45.713"/>
</kw>
<status status="PASS" starttime="20210510 12:39:45.689" endtime="20210510 12:39:45.713"/>
</kw>
<status status="PASS" starttime="20210510 12:39:45.250" endtime="20210510 12:39:45.713"/>
</kw>
<kw name="Input The Confirmation Email" library="resource">
<arg>${inbox.email_address}</arg>
<kw name="Press Keys" library="SeleniumLibrary">
<arg>//*[@name="reg_email_confirmation__"]</arg>
<arg>${username}</arg>
<doc>Simulates the user pressing key(s) to an element or on the active browser.</doc>
<msg timestamp="20210510 12:39:45.715" level="INFO">Sending key(s) ('2ccbe8fa-9e68-4410-8152-2553ba3f04da@mailslurp.com',) to //*[@name="reg_email_confirmation__"] element.</msg>
<msg timestamp="20210510 12:39:46.013" level="INFO">Sending keys 2ccbe8fa-9e68-4410-8152-2553ba3f04da@mailslurp.com</msg>
<status status="PASS" starttime="20210510 12:39:45.715" endtime="20210510 12:39:46.150"/>
</kw>
<status status="PASS" starttime="20210510 12:39:45.714" endtime="20210510 12:39:46.150"/>
</kw>
<kw name="Input Robot Password" library="resource">
<arg>${TEST_PASSWORD}</arg>
<kw name="Input Text" library="SeleniumLibrary">
<arg>//*[@id="password_step_input"]</arg>
<arg>${password}</arg>
<doc>Types the given ``text`` into the text field identified by ``locator``.</doc>
<msg timestamp="20210510 12:39:46.151" level="INFO">Typing text 'robRobs123!#!' into text field '//*[@id="password_step_input"]'.</msg>
<status status="PASS" starttime="20210510 12:39:46.151" endtime="20210510 12:39:46.231"/>
</kw>
<status status="PASS" starttime="20210510 12:39:46.150" endtime="20210510 12:39:46.231"/>
</kw>
<kw name="Section Birthday" library="resource">
<kw name="Select From List By Value" library="SeleniumLibrary">
<arg>//*[@id="day"]</arg>
<arg>21</arg>
<doc>Selects options from selection list ``locator`` by ``values``.</doc>
<msg timestamp="20210510 12:39:46.232" level="INFO">Selecting options from selection list '//*[@id="day"]' by value 21.</msg>
<status status="PASS" starttime="20210510 12:39:46.231" endtime="20210510 12:39:46.293"/>
</kw>
<status status="PASS" starttime="20210510 12:39:46.231" endtime="20210510 12:39:46.293"/>
</kw>
<kw name="Select Month" library="resource">
<kw name="Select From List By Label" library="SeleniumLibrary">
<arg>//*[@id="month"]</arg>
<arg>жов</arg>
<doc>Selects options from selection list ``locator`` by ``labels``.</doc>
<msg timestamp="20210510 12:39:46.295" level="INFO">Selecting options from selection list '//*[@id="month"]' by label жов.</msg>
<status status="PASS" starttime="20210510 12:39:46.294" endtime="20210510 12:39:46.354"/>
</kw>
<status status="PASS" starttime="20210510 12:39:46.294" endtime="20210510 12:39:46.354"/>
</kw>
<kw name="Select Year" library="resource">
<kw name="Select From List By Value" library="SeleniumLibrary">
<arg>//*[@id="year"]</arg>
<arg>2001</arg>
<doc>Selects options from selection list ``locator`` by ``values``.</doc>
<msg timestamp="20210510 12:39:46.355" level="INFO">Selecting options from selection list '//*[@id="year"]' by value 2001.</msg>
<status status="PASS" starttime="20210510 12:39:46.355" endtime="20210510 12:39:46.413"/>
</kw>
<status status="PASS" starttime="20210510 12:39:46.355" endtime="20210510 12:39:46.413"/>
</kw>
<kw name="Select Robot Sex" library="resource">
<kw name="Select Radio Button" library="SeleniumLibrary">
<arg>sex</arg>
<arg>2</arg>
<doc>Sets the radio button group ``group_name`` to ``value``.</doc>
<msg timestamp="20210510 12:39:46.414" level="INFO">Selecting '2' from radio button 'sex'.</msg>
<status status="PASS" starttime="20210510 12:39:46.414" endtime="20210510 12:39:46.463"/>
</kw>
<status status="PASS" starttime="20210510 12:39:46.413" endtime="20210510 12:39:46.463"/>
</kw>
<kw name="Submit Confirmation Button" library="resource">
<kw name="Scroll Element Into View" library="SeleniumLibrary">
<arg>//*[@name="websubmit"]</arg>
<doc>Scrolls the element identified by ``locator`` into view.</doc>
<status status="PASS" starttime="20210510 12:39:46.464" endtime="20210510 12:39:46.750"/>
</kw>
<kw name="Click Button" library="SeleniumLibrary">
<arg>//*[@name="websubmit"]</arg>
<doc>Clicks the button identified by ``locator``.</doc>
<msg timestamp="20210510 12:39:46.751" level="INFO">Clicking button '//*[@name="websubmit"]'.</msg>
<status status="PASS" starttime="20210510 12:39:46.750" endtime="20210510 12:39:46.813"/>
</kw>
<status status="PASS" starttime="20210510 12:39:46.464" endtime="20210510 12:39:46.814"/>
</kw>
<kw name="Sleep" library="BuiltIn">
<arg>20s</arg>
<doc>Pauses the test executed for the given time.</doc>
<status status="FAIL" starttime="20210510 12:39:46.814" endtime="20210510 12:39:52.606"/>
</kw>
<kw name="Wait Until Element Contains" library="SeleniumLibrary">
<arg>//*[@id="content"]/div/div[1]/div/div[1]/div/div/div/div/div/div/div/div/div/div[1]/div/div[1]/span</arg>
<arg>Введіть код підтвердження timeout=120s</arg>
<doc>Waits until the element ``locator`` contains ``text``.</doc>
<status status="NOT RUN" starttime="20210510 12:39:52.606" endtime="20210510 12:39:52.606"/>
</kw>
<kw name="Scroll Element Into View" library="SeleniumLibrary">
<arg>//*[@id="content"]/div/div[1]/div/div[1]/div/div/div/div/div/div/div/div/div/div[2]/div/label</arg>
<doc>Scrolls the element identified by ``locator`` into view.</doc>
<status status="NOT RUN" starttime="20210510 12:39:52.616" endtime="20210510 12:39:52.616"/>
</kw>
<kw name="Mouse Over" library="SeleniumLibrary">
<arg>//*[@id="content"]/div/div[1]/div/div[1]/div/div/div/div/div/div/div/div/div/div[2]/div/label</arg>
<doc>Simulates hovering the mouse over the element ``locator``.</doc>
<status status="NOT RUN" starttime="20210510 12:39:52.617" endtime="20210510 12:39:52.617"/>
</kw>
<kw name="Wait For Confirmation Code" library="resource">
<var>${code}</var>
<arg>${inbox.id}</arg>
<status status="NOT RUN" starttime="20210510 12:39:52.618" endtime="20210510 12:39:52.618"/>
</kw>
<kw name="Log To Console" library="BuiltIn">
<arg>${code} extacted</arg>
<doc>Logs the given message to the console.</doc>
<status status="NOT RUN" starttime="20210510 12:39:52.618" endtime="20210510 12:39:52.618"/>
</kw>
<kw name="Input Confirmation Code" library="resource">
<arg>${code}</arg>
<status status="NOT RUN" starttime="20210510 12:39:52.618" endtime="20210510 12:39:52.618"/>
</kw>
<status status="FAIL" starttime="20210510 12:39:36.475" endtime="20210510 12:39:52.619">Execution terminated by signal</status>
</test>
<status status="FAIL" starttime="20210510 12:39:36.220" endtime="20210510 12:39:52.621"/>
</suite>
<statistics>
<total>
<stat pass="0" fail="1" skip="0">All Tests</stat>
</total>
<tag>
</tag>
<suite>
<stat pass="0" fail="1" skip="0" id="s1" name="Test">Test</stat>
</suite>
</statistics>
<errors>
</errors>
</robot>
