<?xml version="1.0" encoding="UTF-8"?>
<robot generator="Robot 4.0.1 (Python 3.9.4 on win32)" generated="20210510 18:37:38.911" rpa="false" schemaversion="2">
<suite id="s1" name="Test" source="C:\Users\Бабенко\rf-facebook-testing\test.robot">
<test id="s1-t1" name="Sign Up With New Email Address">
<kw name="Create Email Address" library="resource">
<var>${inbox}</var>
<kw name="Create Inbox" library="MailSlurp">
<var>${inbox}</var>
<msg timestamp="20210510 18:37:40.302" level="INFO">${inbox} = {'created_at': datetime.datetime(2021, 5, 10, 15, 37, 39, 389000, tzinfo=tzutc()),
 'description': None,
 'email_address': 'bdda0561-fd71-4dc4-b859-f0714b1fed7a@mailslurp.com',
 'expires_at': '2021-05...</msg>
<status status="PASS" starttime="20210510 18:37:39.151" endtime="20210510 18:37:40.302"/>
</kw>
<msg timestamp="20210510 18:37:40.302" level="INFO">${inbox} = {'created_at': datetime.datetime(2021, 5, 10, 15, 37, 39, 389000, tzinfo=tzutc()),
 'description': None,
 'email_address': 'bdda0561-fd71-4dc4-b859-f0714b1fed7a@mailslurp.com',
 'expires_at': '2021-05...</msg>
<status status="PASS" starttime="20210510 18:37:39.151" endtime="20210510 18:37:40.302"/>
</kw>
<kw name="Open Browser To Home Page" library="resource">
<kw name="Evaluate" library="BuiltIn">
<var>${options}</var>
<arg>sys.modules['selenium.webdriver.chrome.options'].Options()</arg>
<arg>sys</arg>
<doc>Evaluates the given expression in Python and returns the result.</doc>
<msg timestamp="20210510 18:37:40.303" level="INFO">${options} = &lt;selenium.webdriver.chrome.options.Options object at 0x00000208BFF90F40&gt;</msg>
<status status="PASS" starttime="20210510 18:37:40.303" endtime="20210510 18:37:40.303"/>
</kw>
<kw name="Call Method" library="BuiltIn">
<arg>${options}</arg>
<arg>add_argument</arg>
<arg>--disable-notifications</arg>
<doc>Calls the named method of the given object with the provided arguments.</doc>
<status status="PASS" starttime="20210510 18:37:40.304" endtime="20210510 18:37:40.304"/>
</kw>
<kw name="Create Webdriver" library="SeleniumLibrary">
<var>${driver}</var>
<arg>Chrome</arg>
<arg>options=${options}</arg>
<doc>Creates an instance of Selenium WebDriver.</doc>
<msg timestamp="20210510 18:37:40.304" level="INFO">Creating an instance of the Chrome WebDriver.</msg>
<msg timestamp="20210510 18:37:41.408" level="INFO">${driver} = 1</msg>
<status status="PASS" starttime="20210510 18:37:40.304" endtime="20210510 18:37:41.408"/>
</kw>
<kw name="Maximize Browser Window" library="SeleniumLibrary">
<doc>Maximizes current browser window.</doc>
<status status="PASS" starttime="20210510 18:37:41.409" endtime="20210510 18:37:41.539"/>
</kw>
<kw name="Set Selenium Speed" library="SeleniumLibrary">
<arg>${DELAY}</arg>
<doc>Sets the delay that is waited after each Selenium command.</doc>
<status status="PASS" starttime="20210510 18:37:41.539" endtime="20210510 18:37:41.540"/>
</kw>
<kw name="Go To" library="SeleniumLibrary">
<arg>${PLAYGROUND URL}</arg>
<doc>Navigates the current browser window to the provided ``url``.</doc>
<msg timestamp="20210510 18:37:41.540" level="INFO">Opening url 'https://www.facebook.com//'</msg>
<status status="PASS" starttime="20210510 18:37:41.540" endtime="20210510 18:37:43.033"/>
</kw>
<kw name="Home Page Should Be Open" library="resource">
<kw name="Title Should Be" library="SeleniumLibrary">
<arg>Facebook — увійдіть або зареєструйтеся</arg>
<doc>Verifies that the current page title equals ``title``.</doc>
<msg timestamp="20210510 18:37:43.040" level="INFO">Page title is 'Facebook — увійдіть або зареєструйтеся'.</msg>
<status status="PASS" starttime="20210510 18:37:43.034" endtime="20210510 18:37:43.040"/>
</kw>
<status status="PASS" starttime="20210510 18:37:43.033" endtime="20210510 18:37:43.040"/>
</kw>
<status status="PASS" starttime="20210510 18:37:40.303" endtime="20210510 18:37:43.040"/>
</kw>
<kw name="Go To SignUp Page" library="resource">
<kw name="Go To" library="SeleniumLibrary">
<arg>${PLAYGROUND URL}</arg>
<doc>Navigates the current browser window to the provided ``url``.</doc>
<msg timestamp="20210510 18:37:43.041" level="INFO">Opening url 'https://www.facebook.com//'</msg>
<status status="PASS" starttime="20210510 18:37:43.041" endtime="20210510 18:37:43.615"/>
</kw>
<kw name="Home Page Should Be Open" library="resource">
<kw name="Title Should Be" library="SeleniumLibrary">
<arg>Facebook — увійдіть або зареєструйтеся</arg>
<doc>Verifies that the current page title equals ``title``.</doc>
<msg timestamp="20210510 18:37:43.619" level="INFO">Page title is 'Facebook — увійдіть або зареєструйтеся'.</msg>
<status status="PASS" starttime="20210510 18:37:43.616" endtime="20210510 18:37:43.619"/>
</kw>
<status status="PASS" starttime="20210510 18:37:43.615" endtime="20210510 18:37:43.619"/>
</kw>
<kw name="Click Element" library="SeleniumLibrary">
<arg>//*[@data-testid="open-registration-form-button"]</arg>
<doc>Click the element identified by ``locator``.</doc>
<msg timestamp="20210510 18:37:43.619" level="INFO">Clicking element '//*[@data-testid="open-registration-form-button"]'.</msg>
<status status="PASS" starttime="20210510 18:37:43.619" endtime="20210510 18:37:43.667"/>
</kw>
<kw name="SignUp Page Should Be Open" library="resource">
<kw name="Wait Until Element Contains" library="SeleniumLibrary">
<arg>//*[@id="facebook"]/body/div[3]/div[2]/div/div/div[1]</arg>
<arg>Зареєструватися</arg>
<doc>Waits until the element ``locator`` contains ``text``.</doc>
<status status="PASS" starttime="20210510 18:37:43.669" endtime="20210510 18:37:44.356"/>
</kw>
<status status="PASS" starttime="20210510 18:37:43.668" endtime="20210510 18:37:44.357"/>
</kw>
<status status="PASS" starttime="20210510 18:37:43.041" endtime="20210510 18:37:44.357"/>
</kw>
<kw name="Input Robot Firstname" library="resource">
<kw name="Press Keys" library="SeleniumLibrary">
<arg>//*[@name="firstname"]</arg>
<arg>Руслан</arg>
<doc>Simulates the user pressing key(s) to an element or on the active browser.</doc>
<msg timestamp="20210510 18:37:44.359" level="INFO">Sending key(s) ('Руслан',) to //*[@name="firstname"] element.</msg>
<msg timestamp="20210510 18:37:44.655" level="INFO">Sending keys Руслан</msg>
<status status="PASS" starttime="20210510 18:37:44.359" endtime="20210510 18:37:44.679"/>
</kw>
<status status="PASS" starttime="20210510 18:37:44.358" endtime="20210510 18:37:44.679"/>
</kw>
<kw name="Input Robot Lastname" library="resource">
<kw name="Press Keys" library="SeleniumLibrary">
<arg>//*[@name="lastname"]</arg>
<arg>Русланов</arg>
<doc>Simulates the user pressing key(s) to an element or on the active browser.</doc>
<msg timestamp="20210510 18:37:44.680" level="INFO">Sending key(s) ('Русланов',) to //*[@name="lastname"] element.</msg>
<msg timestamp="20210510 18:37:44.968" level="INFO">Sending keys Русланов</msg>
<status status="PASS" starttime="20210510 18:37:44.680" endtime="20210510 18:37:44.996"/>
</kw>
<status status="PASS" starttime="20210510 18:37:44.679" endtime="20210510 18:37:44.996"/>
</kw>
<kw name="Input The First Email" library="resource">
<arg>${inbox.email_address}</arg>
<kw name="Press Keys" library="SeleniumLibrary">
<arg>//*[@name="reg_email__"]</arg>
<arg>${username}</arg>
<doc>Simulates the user pressing key(s) to an element or on the active browser.</doc>
<msg timestamp="20210510 18:37:44.998" level="INFO">Sending key(s) ('bdda0561-fd71-4dc4-b859-f0714b1fed7a@mailslurp.com',) to //*[@name="reg_email__"] element.</msg>
<msg timestamp="20210510 18:37:45.287" level="INFO">Sending keys bdda0561-fd71-4dc4-b859-f0714b1fed7a@mailslurp.com</msg>
<status status="PASS" starttime="20210510 18:37:44.997" endtime="20210510 18:37:45.473"/>
</kw>
<kw name="The Confirmation Email Should Be Present" library="resource">
<kw name="Wait Until Element Is Enabled" library="SeleniumLibrary">
<arg>//*[@name="reg_email_confirmation__"]</arg>
<arg>timeout=15s</arg>
<doc>Waits until the element ``locator`` is enabled.</doc>
<status status="PASS" starttime="20210510 18:37:45.474" endtime="20210510 18:37:45.495"/>
</kw>
<status status="PASS" starttime="20210510 18:37:45.473" endtime="20210510 18:37:45.495"/>
</kw>
<status status="PASS" starttime="20210510 18:37:44.997" endtime="20210510 18:37:45.495"/>
</kw>
<kw name="Input The Confirmation Email" library="resource">
<arg>${inbox.email_address}</arg>
<kw name="Press Keys" library="SeleniumLibrary">
<arg>//*[@name="reg_email_confirmation__"]</arg>
<arg>${username}</arg>
<doc>Simulates the user pressing key(s) to an element or on the active browser.</doc>
<msg timestamp="20210510 18:37:45.496" level="INFO">Sending key(s) ('bdda0561-fd71-4dc4-b859-f0714b1fed7a@mailslurp.com',) to //*[@name="reg_email_confirmation__"] element.</msg>
<msg timestamp="20210510 18:37:45.781" level="INFO">Sending keys bdda0561-fd71-4dc4-b859-f0714b1fed7a@mailslurp.com</msg>
<status status="PASS" starttime="20210510 18:37:45.496" endtime="20210510 18:37:45.916"/>
</kw>
<status status="PASS" starttime="20210510 18:37:45.495" endtime="20210510 18:37:45.917"/>
</kw>
<kw name="Input Robot Password" library="resource">
<arg>${TEST_PASSWORD}</arg>
<kw name="Input Text" library="SeleniumLibrary">
<arg>//*[@id="password_step_input"]</arg>
<arg>${password}</arg>
<doc>Types the given ``text`` into the text field identified by ``locator``.</doc>
<msg timestamp="20210510 18:37:45.918" level="INFO">Typing text 'R2!la35n*&gt;' into text field '//*[@id="password_step_input"]'.</msg>
<status status="PASS" starttime="20210510 18:37:45.917" endtime="20210510 18:37:45.995"/>
</kw>
<status status="PASS" starttime="20210510 18:37:45.917" endtime="20210510 18:37:45.995"/>
</kw>
<kw name="Section Birthday" library="resource">
<kw name="Select From List By Value" library="SeleniumLibrary">
<arg>//*[@id="day"]</arg>
<arg>21</arg>
<doc>Selects options from selection list ``locator`` by ``values``.</doc>
<msg timestamp="20210510 18:37:45.996" level="INFO">Selecting options from selection list '//*[@id="day"]' by value 21.</msg>
<status status="PASS" starttime="20210510 18:37:45.996" endtime="20210510 18:37:46.057"/>
</kw>
<status status="PASS" starttime="20210510 18:37:45.996" endtime="20210510 18:37:46.057"/>
</kw>
<kw name="Select Month" library="resource">
<kw name="Select From List By Label" library="SeleniumLibrary">
<arg>//*[@id="month"]</arg>
<arg>жов</arg>
<doc>Selects options from selection list ``locator`` by ``labels``.</doc>
<msg timestamp="20210510 18:37:46.058" level="INFO">Selecting options from selection list '//*[@id="month"]' by label жов.</msg>
<status status="PASS" starttime="20210510 18:37:46.058" endtime="20210510 18:37:46.126"/>
</kw>
<status status="PASS" starttime="20210510 18:37:46.058" endtime="20210510 18:37:46.126"/>
</kw>
<kw name="Select Year" library="resource">
<kw name="Select From List By Value" library="SeleniumLibrary">
<arg>//*[@id="year"]</arg>
<arg>2001</arg>
<doc>Selects options from selection list ``locator`` by ``values``.</doc>
<msg timestamp="20210510 18:37:46.127" level="INFO">Selecting options from selection list '//*[@id="year"]' by value 2001.</msg>
<status status="PASS" starttime="20210510 18:37:46.127" endtime="20210510 18:37:46.190"/>
</kw>
<status status="PASS" starttime="20210510 18:37:46.126" endtime="20210510 18:37:46.191"/>
</kw>
<kw name="Select Robot Sex" library="resource">
<kw name="Select Radio Button" library="SeleniumLibrary">
<arg>sex</arg>
<arg>2</arg>
<doc>Sets the radio button group ``group_name`` to ``value``.</doc>
<msg timestamp="20210510 18:37:46.192" level="INFO">Selecting '2' from radio button 'sex'.</msg>
<status status="PASS" starttime="20210510 18:37:46.192" endtime="20210510 18:37:46.246"/>
</kw>
<status status="PASS" starttime="20210510 18:37:46.192" endtime="20210510 18:37:46.246"/>
</kw>
<kw name="Submit Confirmation Button" library="resource">
<kw name="Scroll Element Into View" library="SeleniumLibrary">
<arg>//*[@name="websubmit"]</arg>
<doc>Scrolls the element identified by ``locator`` into view.</doc>
<status status="PASS" starttime="20210510 18:37:46.247" endtime="20210510 18:37:46.521"/>
</kw>
<kw name="Click Button" library="SeleniumLibrary">
<arg>//*[@name="websubmit"]</arg>
<doc>Clicks the button identified by ``locator``.</doc>
<msg timestamp="20210510 18:37:46.521" level="INFO">Clicking button '//*[@name="websubmit"]'.</msg>
<status status="PASS" starttime="20210510 18:37:46.521" endtime="20210510 18:37:46.581"/>
</kw>
<status status="PASS" starttime="20210510 18:37:46.246" endtime="20210510 18:37:46.581"/>
</kw>
<kw name="Sleep" library="BuiltIn">
<arg>80s</arg>
<doc>Pauses the test executed for the given time.</doc>
<status status="FAIL" starttime="20210510 18:37:46.582" endtime="20210510 18:38:29.793"/>
</kw>
<kw name="Scroll Element Into View" library="SeleniumLibrary">
<arg>//*[@id="jsc_c_0"]</arg>
<doc>Scrolls the element identified by ``locator`` into view.</doc>
<status status="NOT RUN" starttime="20210510 18:38:29.793" endtime="20210510 18:38:29.793"/>
</kw>
<kw name="Mouse Over" library="SeleniumLibrary">
<arg>//*[@id="jsc_c_0"]</arg>
<doc>Simulates hovering the mouse over the element ``locator``.</doc>
<status status="NOT RUN" starttime="20210510 18:38:29.806" endtime="20210510 18:38:29.806"/>
</kw>
<kw name="Wait For Confirmation Code" library="resource">
<var>${code}</var>
<arg>${inbox.id}</arg>
<status status="NOT RUN" starttime="20210510 18:38:29.807" endtime="20210510 18:38:29.808"/>
</kw>
<kw name="Log To Console" library="BuiltIn">
<arg>${code} extacted</arg>
<doc>Logs the given message to the console.</doc>
<status status="NOT RUN" starttime="20210510 18:38:29.808" endtime="20210510 18:38:29.808"/>
</kw>
<kw name="Input Confirmation Code" library="resource">
<arg>${code}</arg>
<status status="NOT RUN" starttime="20210510 18:38:29.809" endtime="20210510 18:38:29.809"/>
</kw>
<status status="FAIL" starttime="20210510 18:37:39.150" endtime="20210510 18:38:29.810">Execution terminated by signal</status>
</test>
<status status="FAIL" starttime="20210510 18:37:38.912" endtime="20210510 18:38:29.812"/>
</suite>
<statistics>
<total>
<stat pass="0" fail="1" skip="0">All Tests</stat>
</total>
<tag>
</tag>
<suite>
<stat pass="0" fail="1" skip="0" id="s1" name="Test">Test</stat>
</suite>
</statistics>
<errors>
</errors>
</robot>
